<?xml version="1.0" encoding="UTF-8"?>
<!-- Generated by org.testng.reporters.JUnitReportReporter -->
<testsuite hostname="The_MeetSheth" failures="0" tests="1" name="HerokuApp.OpenWebsiteChrome" time="3.953" errors="0" timestamp="2024-02-01T12:23:05 GMT-05:00" skipped="0">
  <testcase classname="HerokuApp.OpenWebsiteChrome" name="verifyTitle" time="3.953"/>
</testsuite> <!-- HerokuApp.OpenWebsiteChrome -->
